<?xml version="1.0" encoding="utf-8"?><testsuites name="pytest tests"><testsuite name="pytest" errors="0" failures="1" skipped="0" tests="134" time="5.478" timestamp="2025-08-07T15:24:20.627188-05:00" hostname="DESKTOP-B1UO3MR"><testcase classname="test.unit.test_albums.TestSimpleAlbumEntity" name="test_album_creation_complete" time="0.005" /><testcase classname="test.unit.test_albums.TestSimpleAlbumEntity" name="test_album_minimal_creation" time="0.002" /><testcase classname="test.unit.test_albums.TestSimpleAlbumEntity" name="test_album_type_by_tracks[1-Single]" time="0.002" /><testcase classname="test.unit.test_albums.TestSimpleAlbumEntity" name="test_album_type_by_tracks[3-EP]" time="0.002" /><testcase classname="test.unit.test_albums.TestSimpleAlbumEntity" name="test_album_type_by_tracks[6-EP]" time="0.003" /><testcase classname="test.unit.test_albums.TestSimpleAlbumEntity" name="test_album_type_by_tracks[8-Album]" time="0.003" /><testcase classname="test.unit.test_albums.TestSimpleAlbumEntity" name="test_album_type_by_tracks[12-Album]" time="0.002" /><testcase classname="test.unit.test_albums.TestSimpleAlbumEntity" name="test_album_type_by_tracks[20-Album]" time="0.001" /><testcase classname="test.unit.test_albums.TestSimpleAlbumEntity" name="test_album_duration_calculation" time="0.002" /><testcase classname="test.unit.test_albums.TestSimpleAlbumEntity" name="test_album_with_cover_image" time="0.002" /><testcase classname="test.unit.test_albums.TestSimpleAlbumEntity" name="test_album_inactive_state" time="0.002" /><testcase classname="test.unit.test_albums.TestSimpleAlbumEntity" name="test_album_release_year_extraction" time="0.003" /><testcase classname="test.unit.test_albums.TestSimpleAlbumEntity" name="test_album_different_genres[Rock]" time="0.002" /><testcase classname="test.unit.test_albums.TestSimpleAlbumEntity" name="test_album_different_genres[Pop]" time="0.002" /><testcase classname="test.unit.test_albums.TestSimpleAlbumEntity" name="test_album_different_genres[Electronic]" time="0.002" /><testcase classname="test.unit.test_albums.TestSimpleAlbumEntity" name="test_album_different_genres[Hip-Hop]" time="0.002" /><testcase classname="test.unit.test_albums.TestSimpleAlbumEntity" name="test_album_different_genres[Classical]" time="0.001" /><testcase classname="test.unit.test_albums.TestSimpleAlbumEntity" name="test_album_different_genres[Jazz]" time="0.001" /><testcase classname="test.unit.test_albums.TestSimpleAlbumEntity" name="test_album_string_representation" time="0.001" /><testcase classname="test.unit.test_albums.TestSimpleAlbumEntity" name="test_album_equality_by_id" time="0.002" /><testcase classname="test.unit.test_artists.TestSimpleArtistEntity" name="test_artist_creation_full_data" time="0.002" /><testcase classname="test.unit.test_artists.TestSimpleArtistEntity" name="test_artist_minimal_data" time="0.002" /><testcase classname="test.unit.test_artists.TestSimpleArtistEntity" name="test_artist_verified_status" time="0.002" /><testcase classname="test.unit.test_artists.TestSimpleArtistEntity" name="test_artist_inactive_status" time="0.001" /><testcase classname="test.unit.test_artists.TestSimpleArtistEntity" name="test_artist_popularity_by_followers[0-False]" time="0.003" /><testcase classname="test.unit.test_artists.TestSimpleArtistEntity" name="test_artist_popularity_by_followers[100-False]" time="0.002" /><testcase classname="test.unit.test_artists.TestSimpleArtistEntity" name="test_artist_popularity_by_followers[10000-False]" time="0.002" /><testcase classname="test.unit.test_artists.TestSimpleArtistEntity" name="test_artist_popularity_by_followers[100000-True]" time="0.002" /><testcase classname="test.unit.test_artists.TestSimpleArtistEntity" name="test_artist_popularity_by_followers[1000000-True]" time="0.003" /><testcase classname="test.unit.test_artists.TestSimpleArtistEntity" name="test_artist_with_image_url" time="0.002" /><testcase classname="test.unit.test_artists.TestSimpleArtistEntity" name="test_artist_from_different_countries" time="0.002" /><testcase classname="test.unit.test_artists.TestSimpleArtistEntity" name="test_artist_biography_length" time="0.001" /><testcase classname="test.unit.test_artists.TestSimpleArtistEntity" name="test_artist_followers_increment" time="0.001" /><testcase classname="test.unit.test_genres.TestSimpleGenreEntity" name="test_genre_creation_complete" time="0.002" /><testcase classname="test.unit.test_genres.TestSimpleGenreEntity" name="test_genre_minimal_creation" time="0.002" /><testcase classname="test.unit.test_genres.TestSimpleGenreEntity" name="test_genre_icons_assignment[Rock-\U0001f3b8]" time="0.002" /><testcase classname="test.unit.test_genres.TestSimpleGenreEntity" name="test_genre_icons_assignment[Pop-\U0001f3a4]" time="0.002" /><testcase classname="test.unit.test_genres.TestSimpleGenreEntity" name="test_genre_icons_assignment[Electronic-\U0001f39b\ufe0f]" time="0.002" /><testcase classname="test.unit.test_genres.TestSimpleGenreEntity" name="test_genre_icons_assignment[Classical-\U0001f3bc]" time="0.003" /><testcase classname="test.unit.test_genres.TestSimpleGenreEntity" name="test_genre_icons_assignment[Jazz-\U0001f3ba]" time="0.002" /><testcase classname="test.unit.test_genres.TestSimpleGenreEntity" name="test_genre_icons_assignment[Hip-Hop-\U0001f3a4]" time="0.002" /><testcase classname="test.unit.test_genres.TestSimpleGenreEntity" name="test_genre_with_parent_hierarchy" time="0.002" /><testcase classname="test.unit.test_genres.TestSimpleGenreEntity" name="test_genre_color_code_validation" time="0.001" /><testcase classname="test.unit.test_genres.TestSimpleGenreEntity" name="test_genre_inactive_state" time="0.002" /><testcase classname="test.unit.test_genres.TestSimpleGenreEntity" name="test_genre_description_length" time="0.001" /><testcase classname="test.unit.test_genres.TestSimpleGenreEntity" name="test_different_genre_names[Rock]" time="0.003" /><testcase classname="test.unit.test_genres.TestSimpleGenreEntity" name="test_different_genre_names[Pop]" time="0.002" /><testcase classname="test.unit.test_genres.TestSimpleGenreEntity" name="test_different_genre_names[Electronic]" time="0.001" /><testcase classname="test.unit.test_genres.TestSimpleGenreEntity" name="test_different_genre_names[Hip-Hop]" time="0.001" /><testcase classname="test.unit.test_genres.TestSimpleGenreEntity" name="test_different_genre_names[Classical]" time="0.002" /><testcase classname="test.unit.test_genres.TestSimpleGenreEntity" name="test_different_genre_names[Jazz]" time="0.002" /><testcase classname="test.unit.test_genres.TestSimpleGenreEntity" name="test_different_genre_names[Country]" time="0.002" /><testcase classname="test.unit.test_genres.TestSimpleGenreEntity" name="test_different_genre_names[Blues]" time="0.002" /><testcase classname="test.unit.test_genres.TestSimpleGenreEntity" name="test_different_genre_names[Reggae]" time="0.001" /><testcase classname="test.unit.test_genres.TestSimpleGenreEntity" name="test_different_genre_names[Folk]" time="0.002" /><testcase classname="test.unit.test_genres.TestSimpleGenreEntity" name="test_genre_string_representation" time="0.002" /><testcase classname="test.unit.test_genres.TestSimpleGenreEntity" name="test_genre_name_case_sensitivity" time="0.002" /><testcase classname="test.unit.test_genres.TestSimpleGenreEntity" name="test_genre_with_special_characters" time="0.002" /><testcase classname="test.unit.test_playlists.TestSimplePlaylistEntity" name="test_playlist_creation_complete" time="0.002" /><testcase classname="test.unit.test_playlists.TestSimplePlaylistEntity" name="test_playlist_minimal_creation" time="0.001" /><testcase classname="test.unit.test_playlists.TestSimplePlaylistEntity" name="test_playlist_private_state" time="0.001" /><testcase classname="test.unit.test_playlists.TestSimplePlaylistEntity" name="test_playlist_inactive_state" time="0.002" /><testcase classname="test.unit.test_playlists.TestSimplePlaylistEntity" name="test_playlist_with_tags" time="0.002" /><testcase classname="test.unit.test_playlists.TestSimplePlaylistEntity" name="test_playlist_song_count_management" time="0.001" /><testcase classname="test.unit.test_playlists.TestSimplePlaylistEntity" name="test_playlist_duration_calculation" time="0.001" /><testcase classname="test.unit.test_playlists.TestSimplePlaylistEntity" name="test_playlist_size_classification[0-Empty]" time="0.002" /><testcase classname="test.unit.test_playlists.TestSimplePlaylistEntity" name="test_playlist_size_classification[1-Single]" time="0.002" /><testcase classname="test.unit.test_playlists.TestSimplePlaylistEntity" name="test_playlist_size_classification[10-Small]" time="0.002" /><testcase classname="test.unit.test_playlists.TestSimplePlaylistEntity" name="test_playlist_size_classification[25-Medium]" time="0.002" /><testcase classname="test.unit.test_playlists.TestSimplePlaylistEntity" name="test_playlist_size_classification[50-Large]" time="0.002" /><testcase classname="test.unit.test_playlists.TestSimplePlaylistEntity" name="test_playlist_size_classification[100-Massive]" time="0.002" /><testcase classname="test.unit.test_playlists.TestSimplePlaylistEntity" name="test_playlist_with_cover_image" time="0.001" /><testcase classname="test.unit.test_playlists.TestSimplePlaylistEntity" name="test_playlist_user_ownership" time="0.002" /><testcase classname="test.unit.test_playlists.TestSimplePlaylistEntity" name="test_playlist_string_representation" time="0.002" /><testcase classname="test.unit.test_playlists.TestSimplePlaylistEntity" name="test_playlist_name_validation" time="0.002" /><testcase classname="test.unit.test_playlists.TestSimplePlaylistEntity" name="test_playlist_empty_tags" time="0.001" /><testcase classname="test.unit.test_playlists.TestSimplePlaylistEntity" name="test_playlist_equality_by_id" time="0.001" /><testcase classname="test.unit.test_songs.TestSimpleSongEntity" name="test_simple_song_creation" time="0.002" /><testcase classname="test.unit.test_songs.TestSimpleSongEntity" name="test_song_minimal_data" time="0.001" /><testcase classname="test.unit.test_songs.TestSimpleSongEntity" name="test_song_with_tags" time="0.003" /><testcase classname="test.unit.test_songs.TestSimpleSongEntity" name="test_song_duration_validation[0-0]" time="0.002" /><testcase classname="test.unit.test_songs.TestSimpleSongEntity" name="test_song_duration_validation[60-60]" time="0.001" /><testcase classname="test.unit.test_songs.TestSimpleSongEntity" name="test_song_duration_validation[3600-3600]" time="0.002" /><testcase classname="test.unit.test_songs.TestSimpleSongEntity" name="test_song_duration_validation[180-180]" time="0.002" /><testcase classname="test.unit.test_songs.TestSimpleSongEntity" name="test_song_play_count_increment" time="0.001" /><testcase classname="test.unit.test_songs.TestSimpleSongEntity" name="test_song_inactive_state" time="0.002" /><testcase classname="test.unit.test_songs.TestSimpleSongEntity" name="test_song_string_representation" time="0.002" /><testcase classname="test.unit.test_songs.TestSimpleSongEntity" name="test_song_equality_by_id" time="0.002" /><testcase classname="test.unit.test_songs.TestSimpleSongEntity" name="test_song_with_empty_tags" time="0.002" /><testcase classname="test.unit.test_user_profile.TestSimpleUserEntity" name="test_user_creation_complete" time="0.003" /><testcase classname="test.unit.test_user_profile.TestSimpleUserEntity" name="test_user_minimal_creation" time="0.002" /><testcase classname="test.unit.test_user_profile.TestSimpleUserEntity" name="test_user_verification_status" time="0.002" /><testcase classname="test.unit.test_user_profile.TestSimpleUserEntity" name="test_user_premium_status" time="0.001" /><testcase classname="test.unit.test_user_profile.TestSimpleUserEntity" name="test_user_inactive_state" time="0.002" /><testcase classname="test.unit.test_user_profile.TestSimpleUserEntity" name="test_user_social_metrics" time="0.003" /><testcase classname="test.unit.test_user_profile.TestSimpleUserEntity" name="test_user_string_representation" time="0.001" /><testcase classname="test.unit.test_user_profile.TestSimpleUserEntity" name="test_verification_thresholds[0-False]" time="0.001" /><testcase classname="test.unit.test_user_profile.TestSimpleUserEntity" name="test_verification_thresholds[500-False]" time="0.002" /><testcase classname="test.unit.test_user_profile.TestSimpleUserEntity" name="test_verification_thresholds[999-False]" time="0.002" /><testcase classname="test.unit.test_user_profile.TestSimpleUserEntity" name="test_verification_thresholds[1000-True]" time="0.002" /><testcase classname="test.unit.test_user_profile.TestSimpleUserEntity" name="test_verification_thresholds[5000-True]" time="0.002" /><testcase classname="test.unit.test_user_profile.TestSimpleUserEntity" name="test_verification_thresholds[100000-True]" time="0.003" /><testcase classname="test.unit.test_user_profile.TestSimpleUserEntity" name="test_user_email_validation_patterns" time="0.001" /><testcase classname="test.unit.test_user_profile.TestSimpleUserEntity" name="test_user_profile_picture_urls" time="0.001" /><testcase classname="test.integration.test_django_integration.TestCodeCoverage" name="test_import_src_init" time="0.003" /><testcase classname="test.integration.test_django_integration.TestCodeCoverage" name="test_import_apps_init" time="0.002" /><testcase classname="test.integration.test_django_integration.TestCodeCoverage" name="test_import_common_init" time="0.002" /><testcase classname="test.integration.test_django_integration.TestCodeCoverage" name="test_config_files_parsing" time="0.003" /><testcase classname="test.integration.test_django_integration.TestCodeCoverage" name="test_python_file_syntax" time="0.003" /><testcase classname="test.integration.test_django_integration.TestCodeCoverage" name="test_directory_structure" time="0.002" /><testcase classname="test.integration.test_django_integration.TestCodeCoverage" name="test_requirements_validation" time="0.060"><failure message="AssertionError: Django debería estar en requirements.txt&#10;assert False">test\integration\test_django_integration.py:165: in test_requirements_validation
    assert django_found, "Django debería estar en requirements.txt"
E   AssertionError: Django debería estar en requirements.txt
E   assert False</failure></testcase><testcase classname="test.integration.test_django_integration.TestBusinessLogicCoverage" name="test_music_calculations" time="0.002" /><testcase classname="test.integration.test_django_integration.TestBusinessLogicCoverage" name="test_playlist_operations" time="0.002" /><testcase classname="test.integration.test_django_integration.TestBusinessLogicCoverage" name="test_search_functionality" time="0.002" /><testcase classname="test.integration.test_entity_integration.TestEntityIntegration" name="test_song_artist_relationship" time="0.002" /><testcase classname="test.integration.test_entity_integration.TestEntityIntegration" name="test_album_songs_relationship" time="0.002" /><testcase classname="test.integration.test_entity_integration.TestEntityIntegration" name="test_genre_songs_relationship" time="0.002" /><testcase classname="test.integration.test_entity_integration.TestEntityIntegration" name="test_playlist_songs_simulation" time="0.002" /><testcase classname="test.integration.test_entity_integration.TestEntityIntegration" name="test_artist_albums_relationship" time="0.002" /><testcase classname="test.integration.test_entity_integration.TestEntityIntegration" name="test_complete_music_catalog_simulation" time="0.002" /><testcase classname="test.integration.test_entity_integration.TestEntityIntegration" name="test_multi_genre_artist" time="0.002" /><testcase classname="test.integration.test_entity_integration.TestEntityIntegration" name="test_playlist_mixed_genres" time="0.003" /><testcase classname="test.integration.test_entity_integration.TestEntityIntegration" name="test_featured_artist_collaboration" time="0.002" /><testcase classname="test.integration.test_entity_integration.TestEntityIntegration" name="test_user_playlist_management" time="0.002" /><testcase classname="test.integration.test_real_coverage.TestRealCoverage" name="test_exercise_common_utils" time="0.075" /><testcase classname="test.integration.test_real_coverage.TestRealCoverage" name="test_exercise_config_modules" time="0.004" /><testcase classname="test.integration.test_real_coverage.TestRealCoverage" name="test_exercise_domain_entities" time="0.009" /><testcase classname="test.integration.test_real_coverage.TestRealCoverage" name="test_exercise_exception_classes" time="0.004" /><testcase classname="test.integration.test_real_coverage.TestRealCoverage" name="test_exercise_genre_entities" time="0.017" /><testcase classname="test.integration.test_real_coverage.TestRealCoverage" name="test_exercise_playlist_entities" time="0.008" /><testcase classname="test.integration.test_real_coverage.TestRealCoverage" name="test_exercise_repository_interfaces" time="0.006" /><testcase classname="test.integration.test_real_coverage.TestRealCoverage" name="test_exercise_song_entities" time="0.009" /><testcase classname="test.integration.test_real_coverage.TestRealCoverage" name="test_exercise_type_definitions" time="0.003" /><testcase classname="test.integration.test_real_coverage.TestRealCoverage" name="test_import_and_use_src_modules" time="0.003" /></testsuite></testsuites>