<?xml version="1.0" encoding="utf-8"?><testsuites><testsuite name="pytest" errors="0" failures="0" skipped="6" tests="420" time="7.929" timestamp="2025-08-07T21:07:49.437653-05:00" hostname="DESKTOP-B1UO3MR"><testcase classname="test.albums.api.test_album_dtos.TestAlbumDTOs" name="test_album_response_dto_creation" time="0.102" /><testcase classname="test.albums.api.test_album_dtos.TestAlbumDTOs" name="test_album_response_dto_minimal" time="0.001" /><testcase classname="test.albums.api.test_album_dtos.TestAlbumDTOs" name="test_album_create_dto" time="0.001" /><testcase classname="test.albums.api.test_album_dtos.TestAlbumDTOs" name="test_album_create_dto_minimal" time="0.001" /><testcase classname="test.albums.api.test_album_dtos.TestAlbumDTOs" name="test_album_update_dto" time="0.001" /><testcase classname="test.albums.api.test_album_dtos.TestAlbumDTOs" name="test_album_update_dto_empty" time="0.001" /><testcase classname="test.albums.api.test_album_dtos.TestAlbumDTOs" name="test_album_list_response_dto" time="0.001" /><testcase classname="test.albums.api.test_album_dtos.TestAlbumDTOs" name="test_album_list_response_dto_empty" time="0.001" /><testcase classname="test.albums.api.test_album_dtos.TestAlbumDTOs" name="test_dto_field_types" time="0.001" /><testcase classname="test.albums.api.test_album_dtos.TestAlbumDTOs" name="test_dto_with_urls" time="0.001" /><testcase classname="test.albums.api.test_album_dtos.TestAlbumDTOs" name="test_dto_serialization_like" time="0.001" /><testcase classname="test.albums.api.test_album_dtos.TestAlbumDTOs" name="test_pagination_calculations" time="0.001" /><testcase classname="test.albums.api.test_album_dtos.TestAlbumDTOs" name="test_album_dto_edge_cases" time="0.001" /><testcase classname="test.albums.domain.test_album_entities.TestAlbumEntity" name="test_album_entity_creation_with_minimal_data" time="0.001" /><testcase classname="test.albums.domain.test_album_entities.TestAlbumEntity" name="test_album_entity_creation_with_complete_data" time="0.001" /><testcase classname="test.albums.domain.test_album_entities.TestAlbumEntity" name="test_album_entity_string_representation" time="0.001" /><testcase classname="test.albums.domain.test_album_entities.TestAlbumEntity" name="test_album_entity_repr_representation" time="0.001" /><testcase classname="test.albums.domain.test_album_entities.TestAlbumEntity" name="test_album_entity_methods_if_exist" time="0.001" /><testcase classname="test.albums.domain.test_album_entities.TestAlbumEntity" name="test_album_entity_equality_if_implemented" time="0.001" /><testcase classname="test.albums.domain.test_album_entities.TestAlbumEntity" name="test_album_entity_with_edge_cases" time="0.001" /><testcase classname="test.albums.domain.test_album_entities.TestAlbumEntity" name="test_album_entity_type_validation" time="0.001" /><testcase classname="test.albums.domain.test_album_entities.TestAlbumEntity" name="test_album_entity_immutability_if_implemented" time="0.001" /><testcase classname="test.albums.domain.test_album_enums.TestAlbumEnums" name="test_album_status_enum" time="0.002"><skipped type="pytest.skip" message="No se pudo importar AlbumStatus">C:\Users\Marcwos\Documents\Ing Software\5to Semestre\streamflow_music_backend\test\albums\domain\test_album_enums.py:34: No se pudo importar AlbumStatus</skipped></testcase><testcase classname="test.albums.domain.test_album_enums.TestAlbumEnums" name="test_album_type_enum" time="0.001"><skipped type="pytest.skip" message="No se pudo importar AlbumType">C:\Users\Marcwos\Documents\Ing Software\5to Semestre\streamflow_music_backend\test\albums\domain\test_album_enums.py:61: No se pudo importar AlbumType</skipped></testcase><testcase classname="test.albums.domain.test_album_enums.TestAlbumEnumsBasic" name="test_basic_functionality" time="0.001" /><testcase classname="test.albums.domain.test_album_enums.TestAlbumEnumsBasic" name="test_album_enum_simulation" time="0.001" /><testcase classname="test.albums.domain.test_album_enums.TestAlbumEnumsBasic" name="test_album_enum_validation_simulation" time="0.001" /><testcase classname="test.albums.domain.test_album_exceptions.TestAlbumNotFoundException" name="test_album_not_found_exception_creation" time="0.001" /><testcase classname="test.albums.domain.test_album_exceptions.TestAlbumNotFoundException" name="test_album_not_found_exception_with_different_ids" time="0.001" /><testcase classname="test.albums.domain.test_album_exceptions.TestAlbumNotFoundException" name="test_album_not_found_exception_inheritance" time="0.001" /><testcase classname="test.albums.domain.test_album_exceptions.TestAlbumCreationException" name="test_album_creation_exception_creation" time="0.001" /><testcase classname="test.albums.domain.test_album_exceptions.TestAlbumCreationException" name="test_album_creation_exception_with_different_messages" time="0.001" /><testcase classname="test.albums.domain.test_album_exceptions.TestAlbumCreationException" name="test_album_creation_exception_inheritance" time="0.001" /><testcase classname="test.albums.domain.test_album_exceptions.TestAlbumUpdateException" name="test_album_update_exception_creation" time="0.001" /><testcase classname="test.albums.domain.test_album_exceptions.TestAlbumUpdateException" name="test_album_update_exception_with_different_messages" time="0.001" /><testcase classname="test.albums.domain.test_album_exceptions.TestAlbumUpdateException" name="test_album_update_exception_inheritance" time="0.001" /><testcase classname="test.albums.domain.test_album_exceptions.TestExceptionsInteraction" name="test_exception_messages_are_preserved" time="0.001" /><testcase classname="test.albums.domain.test_album_exceptions.TestExceptionsInteraction" name="test_different_exception_types_have_different_identifiers" time="0.001" /><testcase classname="test.albums.domain.test_album_exceptions.TestExceptionsInteraction" name="test_exceptions_are_different_instances" time="0.001" /><testcase classname="test.albums.use_cases.test_album_use_cases.TestSaveAlbumUseCase" name="test_save_album_success" time="0.001" /><testcase classname="test.albums.use_cases.test_album_use_cases.TestSaveAlbumUseCase" name="test_save_album_with_minimal_data" time="0.001" /><testcase classname="test.albums.use_cases.test_album_use_cases.TestSaveAlbumUseCase" name="test_save_album_validation" time="0.001" /><testcase classname="test.albums.use_cases.test_album_use_cases.TestSaveAlbumUseCase" name="test_repository_interaction" time="0.001" /><testcase classname="test.albums.use_cases.test_album_use_cases.TestSaveAlbumUseCase" name="test_album_entity_creation" time="0.001" /><testcase classname="test.albums.use_cases.test_album_use_cases.TestSaveAlbumUseCase" name="test_multiple_albums_save" time="0.001" /><testcase classname="test.albums.use_cases.test_album_use_cases.TestSaveAlbumUseCase" name="test_album_data_types" time="0.001" /><testcase classname="test.albums.use_cases.test_album_use_cases.TestSaveAlbumUseCase" name="test_use_case_workflow_simulation" time="0.001" /><testcase classname="test.albums.use_cases.test_album_use_cases.TestSaveAlbumUseCase" name="test_edge_cases" time="0.001" /><testcase classname="test.artists.api.test_artist_dtos.TestArtistCreateDTO" name="test_valid_artist_creation" time="0.001" /><testcase classname="test.artists.api.test_artist_dtos.TestArtistCreateDTO" name="test_minimal_artist_creation" time="0.001" /><testcase classname="test.artists.api.test_artist_dtos.TestArtistCreateDTO" name="test_empty_name_validation" time="0.002" /><testcase classname="test.artists.api.test_artist_dtos.TestArtistCreateDTO" name="test_whitespace_name_validation" time="0.001" /><testcase classname="test.artists.api.test_artist_dtos.TestArtistCreateDTO" name="test_long_name_validation" time="0.001" /><testcase classname="test.artists.api.test_artist_dtos.TestArtistResponseDTO" name="test_response_dto_creation" time="0.001" /><testcase classname="test.artists.api.test_artist_dtos.TestArtistResponseDTO" name="test_to_dict_conversion" time="0.001" /><testcase classname="test.artists.api.test_artist_dtos.TestArtistResponseDTO" name="test_default_status" time="0.001" /><testcase classname="test.artists.api.test_artist_dtos.TestArtistListDTO" name="test_empty_list_creation" time="0.001" /><testcase classname="test.artists.api.test_artist_dtos.TestArtistListDTO" name="test_add_artist_to_list" time="0.001" /><testcase classname="test.artists.api.test_artist_dtos.TestArtistListDTO" name="test_multiple_artists_in_list" time="0.001" /><testcase classname="test.artists.api.test_artist_dtos.TestArtistMapper" name="test_create_dto_to_entity_mapping" time="0.002" /><testcase classname="test.artists.api.test_artist_dtos.TestArtistMapper" name="test_entity_to_response_dto_mapping" time="0.001" /><testcase classname="test.artists.api.test_artist_dtos.TestArtistMapper" name="test_entity_mapping_with_defaults" time="0.001" /><testcase classname="test.artists.api.test_artist_dtos.TestArtistIntegration" name="test_full_artist_workflow" time="0.001" /><testcase classname="test.artists.api.test_artist_dtos.TestArtistIntegration" name="test_artist_list_workflow" time="0.001" /><testcase classname="test.artists.domain.test_artist_entities.TestArtistEntity" name="test_artist_entity_creation_minimal" time="0.001" /><testcase classname="test.artists.domain.test_artist_entities.TestArtistEntity" name="test_artist_entity_creation_complete" time="0.001" /><testcase classname="test.artists.domain.test_artist_entities.TestArtistEntity" name="test_artist_entity_popularity_method_if_exists" time="0.001" /><testcase classname="test.artists.domain.test_artist_entities.TestArtistEntity" name="test_artist_entity_string_representation" time="0.001" /><testcase classname="test.artists.domain.test_artist_entities.TestArtistEntity" name="test_artist_entity_verification_status" time="0.001" /><testcase classname="test.artists.domain.test_artist_entities.TestArtistEntity" name="test_artist_entity_activity_status" time="0.001" /><testcase classname="test.artists.domain.test_artist_entities.TestArtistEntity" name="test_artist_entity_edge_cases" time="0.001" /><testcase classname="test.artists.domain.test_artist_entities.TestArtistEntity" name="test_artist_entity_type_validation" time="0.001" /><testcase classname="test.artists.domain.test_artist_entities.TestArtistEntity" name="test_artist_entity_with_none_values" time="0.001" /><testcase classname="test.artists.domain.test_artist_entities.TestArtistEntity" name="test_artist_entity_equality_if_implemented" time="0.001" /><testcase classname="test.artists.domain.test_artist_exceptions.TestArtistNotFoundException" name="test_artist_not_found_exception_creation" time="0.002" /><testcase classname="test.artists.domain.test_artist_exceptions.TestArtistNotFoundException" name="test_artist_not_found_exception_with_different_ids" time="0.001" /><testcase classname="test.artists.domain.test_artist_exceptions.TestArtistNotFoundException" name="test_artist_not_found_exception_inheritance" time="0.002" /><testcase classname="test.artists.domain.test_artist_exceptions.TestArtistCreationException" name="test_artist_creation_exception_creation" time="0.001" /><testcase classname="test.artists.domain.test_artist_exceptions.TestArtistCreationException" name="test_artist_creation_exception_with_different_messages" time="0.001" /><testcase classname="test.artists.domain.test_artist_exceptions.TestArtistCreationException" name="test_artist_creation_exception_inheritance" time="0.001" /><testcase classname="test.artists.domain.test_artist_exceptions.TestArtistUpdateException" name="test_artist_update_exception_creation" time="0.001" /><testcase classname="test.artists.domain.test_artist_exceptions.TestArtistUpdateException" name="test_artist_update_exception_with_different_messages" time="0.002" /><testcase classname="test.artists.domain.test_artist_exceptions.TestArtistUpdateException" name="test_artist_update_exception_inheritance" time="0.001" /><testcase classname="test.artists.domain.test_artist_exceptions.TestArtistExceptionsInteraction" name="test_exception_messages_are_preserved" time="0.001" /><testcase classname="test.artists.domain.test_artist_exceptions.TestArtistExceptionsInteraction" name="test_different_exception_types_have_different_identifiers" time="0.001" /><testcase classname="test.artists.domain.test_artist_exceptions.TestArtistExceptionsInteraction" name="test_exceptions_are_different_instances" time="0.001" /><testcase classname="test.artists.use_cases.test_artist_use_cases.TestSaveArtistUseCase" name="test_save_artist_success" time="0.001" /><testcase classname="test.artists.use_cases.test_artist_use_cases.TestSaveArtistUseCase" name="test_save_artist_minimal_data" time="0.001" /><testcase classname="test.artists.use_cases.test_artist_use_cases.TestSaveArtistUseCase" name="test_save_artist_validation" time="0.001" /><testcase classname="test.artists.use_cases.test_artist_use_cases.TestSaveArtistUseCase" name="test_find_artist_by_name" time="0.001" /><testcase classname="test.artists.use_cases.test_artist_use_cases.TestSaveArtistUseCase" name="test_artist_entity_creation" time="0.001" /><testcase classname="test.artists.use_cases.test_artist_use_cases.TestSaveArtistUseCase" name="test_multiple_artists_save" time="0.001" /><testcase classname="test.artists.use_cases.test_artist_use_cases.TestSaveArtistUseCase" name="test_artist_name_case_insensitive_search" time="0.001" /><testcase classname="test.artists.use_cases.test_artist_use_cases.TestSaveArtistUseCase" name="test_use_case_workflow_simulation" time="0.001" /><testcase classname="test.artists.use_cases.test_artist_use_cases.TestSaveArtistUseCase" name="test_duplicate_artist_handling" time="0.001" /><testcase classname="test.artists.use_cases.test_artist_use_cases.TestSaveArtistUseCase" name="test_artist_data_types" time="0.001" /><testcase classname="test.artists.use_cases.test_artist_use_cases.TestSaveArtistUseCase" name="test_edge_cases" time="0.001" /><testcase classname="test.artists.use_cases.test_artist_use_cases.TestSaveArtistUseCase" name="test_repository_error_handling" time="0.001" /><testcase classname="test.common.test_core_logic_comprehensive.TestPerformanceCache" name="test_cache_miss" time="0.001" /><testcase classname="test.common.test_core_logic_comprehensive.TestPerformanceCache" name="test_cache_hit" time="0.001" /><testcase classname="test.common.test_core_logic_comprehensive.TestPerformanceCache" name="test_cache_expiration" time="0.001" /><testcase classname="test.common.test_core_logic_comprehensive.TestPerformanceCache" name="test_cache_eviction" time="0.001" /><testcase classname="test.common.test_core_logic_comprehensive.TestPerformanceCache" name="test_cache_statistics" time="0.001" /><testcase classname="test.common.test_core_logic_comprehensive.TestRetryManager" name="test_successful_execution_first_attempt" time="0.001" /><testcase classname="test.common.test_core_logic_comprehensive.TestRetryManager" name="test_retry_until_success" time="0.001" /><testcase classname="test.common.test_core_logic_comprehensive.TestRetryManager" name="test_max_attempts_exceeded" time="0.001" /><testcase classname="test.common.test_core_logic_comprehensive.TestRetryManager" name="test_retry_manager_reset" time="0.001" /><testcase classname="test.common.test_core_logic_comprehensive.TestTimeoutManager" name="test_timeout_detection" time="0.001" /><testcase classname="test.common.test_core_logic_comprehensive.TestTimeoutManager" name="test_no_timeout" time="0.001" /><testcase classname="test.common.test_core_logic_comprehensive.TestTimeoutManager" name="test_execute_with_timeout_success" time="0.001" /><testcase classname="test.common.test_core_logic_comprehensive.TestTimeoutManager" name="test_execute_with_timeout_exceeds" time="0.001" /><testcase classname="test.common.test_core_logic_comprehensive.TestValidationEngine" name="test_add_validation_rule" time="0.001" /><testcase classname="test.common.test_core_logic_comprehensive.TestValidationEngine" name="test_successful_validation" time="0.001" /><testcase classname="test.common.test_core_logic_comprehensive.TestValidationEngine" name="test_failed_validation" time="0.001" /><testcase classname="test.common.test_core_logic_comprehensive.TestValidationEngine" name="test_multiple_validation_rules" time="0.001" /><testcase classname="test.common.test_core_logic_comprehensive.TestValidationEngine" name="test_validation_rule_exception" time="0.001" /><testcase classname="test.common.test_core_logic_comprehensive.TestConfigurationManager" name="test_get_default_value" time="0.001" /><testcase classname="test.common.test_core_logic_comprehensive.TestConfigurationManager" name="test_set_and_get_value" time="0.001" /><testcase classname="test.common.test_core_logic_comprehensive.TestConfigurationManager" name="test_load_from_dict" time="0.001" /><testcase classname="test.common.test_core_logic_comprehensive.TestConfigurationManager" name="test_get_all_configuration" time="0.001" /><testcase classname="test.common.test_core_logic_comprehensive.TestConfigurationManager" name="test_reset_to_defaults" time="0.001" /><testcase classname="test.common.test_core_logic_comprehensive.TestConfigurationManager" name="test_configuration_validation" time="0.001" /><testcase classname="test.common.test_core_logic_comprehensive.TestConfigurationManager" name="test_valid_configuration" time="0.001" /><testcase classname="test.common.test_core_logic_comprehensive.TestIntegratedSystemComponents" name="test_cache_with_retry_manager" time="0.001" /><testcase classname="test.common.test_core_logic_comprehensive.TestIntegratedSystemComponents" name="test_validation_with_configuration" time="0.001" /><testcase classname="test.common.test_core_logic_comprehensive.TestIntegratedSystemComponents" name="test_timeout_with_cache_and_retry" time="0.001" /><testcase classname="test.common.test_core_logic_comprehensive.TestIntegratedSystemComponents" name="test_full_system_workflow" time="0.001" /><testcase classname="test.common.test_dtos_and_mappers.TestDTOsBasic" name="test_dto_simulation_albums" time="0.001" /><testcase classname="test.common.test_dtos_and_mappers.TestDTOsBasic" name="test_dto_simulation_artists" time="0.001" /><testcase classname="test.common.test_dtos_and_mappers.TestDTOsBasic" name="test_dto_simulation_songs" time="0.002" /><testcase classname="test.common.test_dtos_and_mappers.TestDTOsBasic" name="test_dto_simulation_playlists" time="0.001" /><testcase classname="test.common.test_dtos_and_mappers.TestMappersSimulation" name="test_entity_to_dto_mapping_simulation" time="0.001" /><testcase classname="test.common.test_dtos_and_mappers.TestMappersSimulation" name="test_dto_to_entity_mapping_simulation" time="0.001" /><testcase classname="test.common.test_dtos_and_mappers.TestMappersSimulation" name="test_model_to_entity_mapping_simulation" time="0.001" /><testcase classname="test.common.test_dtos_and_mappers.TestValidationSimulation" name="test_dto_validation_simulation" time="0.001" /><testcase classname="test.common.test_services_comprehensive.TestYouTubeService" name="test_search_track_success" time="0.001" /><testcase classname="test.common.test_services_comprehensive.TestYouTubeService" name="test_search_track_empty_query" time="0.001" /><testcase classname="test.common.test_services_comprehensive.TestYouTubeService" name="test_search_track_service_unavailable" time="0.001" /><testcase classname="test.common.test_services_comprehensive.TestYouTubeService" name="test_get_track_info_success" time="0.002" /><testcase classname="test.common.test_services_comprehensive.TestYouTubeService" name="test_get_track_info_invalid_url" time="0.001" /><testcase classname="test.common.test_services_comprehensive.TestYouTubeService" name="test_download_audio_success" time="0.001" /><testcase classname="test.common.test_services_comprehensive.TestYouTubeService" name="test_download_audio_service_unavailable" time="0.001" /><testcase classname="test.common.test_services_comprehensive.TestSpotifyService" name="test_search_track_success" time="0.001" /><testcase classname="test.common.test_services_comprehensive.TestSpotifyService" name="test_search_track_not_authenticated" time="0.001" /><testcase classname="test.common.test_services_comprehensive.TestSpotifyService" name="test_get_track_details_success" time="0.001" /><testcase classname="test.common.test_services_comprehensive.TestSpotifyService" name="test_authentication" time="0.001" /><testcase classname="test.common.test_services_comprehensive.TestUnifiedMusicService" name="test_search_all_sources_success" time="0.001" /><testcase classname="test.common.test_services_comprehensive.TestUnifiedMusicService" name="test_search_all_sources_with_failures" time="0.002" /><testcase classname="test.common.test_services_comprehensive.TestUnifiedMusicService" name="test_get_best_match_success" time="0.001" /><testcase classname="test.common.test_services_comprehensive.TestUnifiedMusicService" name="test_get_best_match_no_results" time="0.001" /><testcase classname="test.common.test_services_comprehensive.TestUnifiedMusicService" name="test_download_from_best_source_success" time="0.001" /><testcase classname="test.common.test_services_comprehensive.TestUnifiedMusicService" name="test_download_from_best_source_no_match" time="0.001" /><testcase classname="test.common.test_services_comprehensive.TestLyricsService" name="test_get_lyrics_success" time="0.001" /><testcase classname="test.common.test_services_comprehensive.TestLyricsService" name="test_get_lyrics_cached" time="0.001" /><testcase classname="test.common.test_services_comprehensive.TestLyricsService" name="test_get_lyrics_empty_params" time="0.001" /><testcase classname="test.common.test_services_comprehensive.TestLyricsService" name="test_search_lyrics_success" time="0.001" /><testcase classname="test.common.test_services_comprehensive.TestLyricsService" name="test_search_lyrics_empty_query" time="0.001" /><testcase classname="test.common.test_services_comprehensive.TestLyricsService" name="test_clear_cache" time="0.001" /><testcase classname="test.common.test_services_comprehensive.TestServiceIntegration" name="test_multi_service_workflow" time="0.001" /><testcase classname="test.common.test_services_comprehensive.TestServiceIntegration" name="test_service_failure_handling" time="0.001" /><testcase classname="test.common.test_services_comprehensive.TestServiceIntegration" name="test_data_consistency" time="0.001" /><testcase classname="test.common.test_types_and_interfaces.TestTypes" name="test_common_types_imports" time="0.001" /><testcase classname="test.common.test_types_and_interfaces.TestTypes" name="test_media_types_imports" time="0.001" /><testcase classname="test.common.test_types_and_interfaces.TestTypes" name="test_extraction_types" time="0.001" /><testcase classname="test.common.test_types_and_interfaces.TestTypes" name="test_options_types" time="0.001" /><testcase classname="test.common.test_types_and_interfaces.TestInterfaces" name="test_base_repository_interface" time="0.001" /><testcase classname="test.common.test_types_and_interfaces.TestInterfaces" name="test_media_service_interface" time="0.002" /><testcase classname="test.common.test_types_and_interfaces.TestInterfaces" name="test_storage_service_interface" time="0.001" /><testcase classname="test.common.test_types_and_interfaces.TestBasicFunctionality" name="test_basic_assertion" time="0.001" /><testcase classname="test.common.test_types_and_interfaces.TestBasicFunctionality" name="test_simple_calculation" time="0.001" /><testcase classname="test.common.test_types_and_interfaces.TestBasicFunctionality" name="test_string_manipulation" time="0.001" /><testcase classname="test.common.test_use_cases_simplified.TestRepositoryInterfaces" name="test_album_repository_interface_structure" time="0.002" /><testcase classname="test.common.test_use_cases_simplified.TestRepositoryInterfaces" name="test_artist_repository_interface_structure" time="0.001" /><testcase classname="test.common.test_use_cases_simplified.TestRepositoryInterfaces" name="test_repository_mock_behavior" time="0.002" /><testcase classname="test.common.test_use_cases_simplified.TestUseCasesLogic" name="test_save_album_use_case_logic" time="0.006" /><testcase classname="test.common.test_use_cases_simplified.TestUseCasesLogic" name="test_save_album_use_case_validation_logic" time="0.002" /><testcase classname="test.common.test_use_cases_simplified.TestUseCasesLogic" name="test_save_artist_use_case_logic" time="0.003" /><testcase classname="test.common.test_use_cases_simplified.TestUseCasesLogic" name="test_save_artist_existing_logic" time="0.003" /><testcase classname="test.common.test_use_cases_simplified.TestUseCasesLogic" name="test_data_validation_logic" time="0.002" /><testcase classname="test.common.test_use_cases_simplified.TestUseCasesLogic" name="test_error_handling_logic" time="0.001" /><testcase classname="test.common.test_use_cases_simplified.TestUseCasesLogic" name="test_entity_creation_logic" time="0.001" /><testcase classname="test.common.test_use_cases_simplified.TestUseCasesLogic" name="test_repository_contract_validation" time="0.002" /><testcase classname="test.common.test_use_cases_simplified.TestIntegrationLogic" name="test_use_case_repository_integration" time="0.003" /><testcase classname="test.common.test_use_cases_simplified.TestIntegrationLogic" name="test_complex_validation_scenarios" time="0.001" /><testcase classname="test.common.test_utils_comprehensive.TestFileValidator" name="test_validate_audio_file" time="0.001" /><testcase classname="test.common.test_utils_comprehensive.TestFileValidator" name="test_validate_image_file" time="0.002" /><testcase classname="test.common.test_utils_comprehensive.TestFileValidator" name="test_validate_file_size" time="0.001" /><testcase classname="test.common.test_utils_comprehensive.TestFileValidator" name="test_case_insensitive_validation" time="0.001" /><testcase classname="test.common.test_utils_comprehensive.TestDataValidator" name="test_validate_email" time="0.001" /><testcase classname="test.common.test_utils_comprehensive.TestDataValidator" name="test_validate_url" time="0.001" /><testcase classname="test.common.test_utils_comprehensive.TestDataValidator" name="test_validate_duration" time="0.001" /><testcase classname="test.common.test_utils_comprehensive.TestDataValidator" name="test_validate_title" time="0.001" /><testcase classname="test.common.test_utils_comprehensive.TestDataValidator" name="test_validate_artist_name" time="0.001" /><testcase classname="test.common.test_utils_comprehensive.TestStringUtils" name="test_clean_filename" time="0.001" /><testcase classname="test.common.test_utils_comprehensive.TestStringUtils" name="test_truncate_text" time="0.001" /><testcase classname="test.common.test_utils_comprehensive.TestStringUtils" name="test_format_duration" time="0.001" /><testcase classname="test.common.test_utils_comprehensive.TestStringUtils" name="test_slug_from_title" time="0.001" /><testcase classname="test.common.test_utils_comprehensive.TestCacheUtils" name="test_cache_operations" time="0.001" /><testcase classname="test.common.test_utils_comprehensive.TestCacheUtils" name="test_cache_delete" time="0.001" /><testcase classname="test.common.test_utils_comprehensive.TestCacheUtils" name="test_cache_clear" time="0.001" /><testcase classname="test.common.test_utils_comprehensive.TestCacheUtils" name="test_cache_with_complex_data" time="0.001" /><testcase classname="test.common.test_utils_comprehensive.TestUtilsIntegration" name="test_file_processing_workflow" time="0.001" /><testcase classname="test.common.test_utils_comprehensive.TestUtilsIntegration" name="test_validation_and_formatting_chain" time="0.001" /><testcase classname="test.common.test_utils_comprehensive.TestUtilsIntegration" name="test_cache_with_validation" time="0.001" /><testcase classname="test.genres.domain.test_entities_independent.TestGenreEntity" name="test_genre_entity_creation_minimal" time="0.001" /><testcase classname="test.genres.domain.test_entities_independent.TestGenreEntity" name="test_genre_entity_creation_complete" time="0.001" /><testcase classname="test.genres.domain.test_entities_independent.TestGenreEntity" name="test_genre_entity_color_hex_formats" time="0.001" /><testcase classname="test.genres.domain.test_entities_independent.TestGenreEntity" name="test_genre_entity_popularity_scores" time="0.001" /><testcase classname="test.genres.domain.test_entities_independent.TestGenreEntity" name="test_genre_entity_common_genres" time="0.001" /><testcase classname="test.genres.domain.test_entities_independent.TestGenreEntity" name="test_genre_entity_with_description" time="0.001" /><testcase classname="test.genres.domain.test_entities_independent.TestGenreEntity" name="test_genre_entity_image_urls" time="0.001" /><testcase classname="test.genres.domain.test_entities_independent.TestGenreEntity" name="test_genre_entity_timestamps" time="0.001" /><testcase classname="test.genres.domain.test_entities_independent.TestGenreEntity" name="test_genre_entity_type_validation" time="0.001" /><testcase classname="test.genres.domain.test_entities_independent.TestGenreEntity" name="test_genre_entity_edge_cases" time="0.002" /><testcase classname="test.genres.domain.test_genre_entities.TestGenreEntity" name="test_genre_entity_creation_minimal" time="0.001" /><testcase classname="test.genres.domain.test_genre_entities.TestGenreEntity" name="test_genre_entity_creation_complete" time="0.001" /><testcase classname="test.genres.domain.test_genre_entities.TestGenreEntity" name="test_genre_entity_optional_fields_none" time="0.001" /><testcase classname="test.genres.domain.test_genre_entities.TestGenreEntity" name="test_genre_entity_popularity_score_variations" time="0.001" /><testcase classname="test.genres.domain.test_genre_entities.TestGenreEntity" name="test_genre_entity_string_fields" time="0.001" /><testcase classname="test.genres.domain.test_genre_entities.TestGenreEntity" name="test_genre_entity_equality" time="0.001" /><testcase classname="test.genres.domain.test_genre_entities.TestGenreEntity" name="test_genre_entity_inequality" time="0.001" /><testcase classname="test.genres.domain.test_genre_entities.TestGenreEntity" name="test_genre_entity_datetime_fields" time="0.001" /><testcase classname="test.genres.domain.test_genre_enums.TestGenreEnums" name="test_genre_status_enum" time="0.008"><skipped type="pytest.skip" message="No se pudo importar GenreStatus">C:\Users\Marcwos\Documents\Ing Software\5to Semestre\streamflow_music_backend\test\genres\domain\test_genre_enums.py:34: No se pudo importar GenreStatus</skipped></testcase><testcase classname="test.genres.domain.test_genre_enums.TestGenreEnums" name="test_genre_category_enum" time="0.001"><skipped type="pytest.skip" message="No se pudo importar GenreCategory">C:\Users\Marcwos\Documents\Ing Software\5to Semestre\streamflow_music_backend\test\genres\domain\test_genre_enums.py:61: No se pudo importar GenreCategory</skipped></testcase><testcase classname="test.genres.domain.test_genre_enums.TestGenreEnumsBasic" name="test_basic_functionality" time="0.001" /><testcase classname="test.genres.domain.test_genre_enums.TestGenreEnumsBasic" name="test_genre_enum_simulation" time="0.001" /><testcase classname="test.genres.domain.test_genre_enums.TestGenreEnumsBasic" name="test_genre_enum_validation_simulation" time="0.001" /><testcase classname="test.genres.domain.test_genre_exceptions.TestGenreExceptions" name="test_genre_not_found_exception_creation" time="0.002" /><testcase classname="test.genres.domain.test_genre_exceptions.TestGenreExceptions" name="test_genre_not_found_exception_serialization" time="0.001" /><testcase classname="test.genres.domain.test_genre_exceptions.TestGenreExceptions" name="test_genre_creation_exception_creation" time="0.001" /><testcase classname="test.genres.domain.test_genre_exceptions.TestGenreExceptions" name="test_genre_creation_exception_serialization" time="0.001" /><testcase classname="test.genres.domain.test_genre_exceptions.TestGenreExceptions" name="test_genre_update_exception_creation" time="0.001" /><testcase classname="test.genres.domain.test_genre_exceptions.TestGenreExceptions" name="test_genre_update_exception_serialization" time="0.001" /><testcase classname="test.genres.domain.test_genre_exceptions.TestGenreExceptions" name="test_genre_search_exception_creation_with_default_message" time="0.001" /><testcase classname="test.genres.domain.test_genre_exceptions.TestGenreExceptions" name="test_genre_search_exception_creation_with_custom_message" time="0.001" /><testcase classname="test.genres.domain.test_genre_exceptions.TestGenreExceptions" name="test_genre_search_exception_serialization" time="0.001" /><testcase classname="test.genres.domain.test_genre_exceptions.TestGenreExceptions" name="test_genre_not_found_exception_different_ids" time="0.001" /><testcase classname="test.genres.domain.test_genre_exceptions.TestGenreExceptions" name="test_genre_creation_exception_different_messages" time="0.002" /><testcase classname="test.genres.domain.test_genre_exceptions.TestGenreExceptions" name="test_genre_update_exception_different_messages" time="0.001" /><testcase classname="test.genres.domain.test_genre_exceptions.TestGenreExceptions" name="test_genre_search_exception_empty_search_term" time="0.001" /><testcase classname="test.genres.domain.test_genre_exceptions.TestGenreExceptions" name="test_genre_not_found_exception_empty_id" time="0.001" /><testcase classname="test.integration.test_django_integration.TestCodeCoverage" name="test_import_src_init" time="0.002" /><testcase classname="test.integration.test_django_integration.TestCodeCoverage" name="test_import_apps_init" time="0.001" /><testcase classname="test.integration.test_django_integration.TestCodeCoverage" name="test_import_common_init" time="0.001" /><testcase classname="test.integration.test_django_integration.TestCodeCoverage" name="test_config_files_parsing" time="0.001" /><testcase classname="test.integration.test_django_integration.TestCodeCoverage" name="test_python_file_syntax" time="0.002" /><testcase classname="test.integration.test_django_integration.TestCodeCoverage" name="test_directory_structure" time="0.002" /><testcase classname="test.integration.test_django_integration.TestCodeCoverage" name="test_requirements_validation" time="0.019" /><testcase classname="test.integration.test_django_integration.TestBusinessLogicCoverage" name="test_music_calculations" time="0.001" /><testcase classname="test.integration.test_django_integration.TestBusinessLogicCoverage" name="test_playlist_operations" time="0.001" /><testcase classname="test.integration.test_django_integration.TestBusinessLogicCoverage" name="test_search_functionality" time="0.001" /><testcase classname="test.integration.test_entity_integration.TestEntityIntegration" name="test_song_artist_relationship" time="0.001" /><testcase classname="test.integration.test_entity_integration.TestEntityIntegration" name="test_album_songs_relationship" time="0.001" /><testcase classname="test.integration.test_entity_integration.TestEntityIntegration" name="test_genre_songs_relationship" time="0.001" /><testcase classname="test.integration.test_entity_integration.TestEntityIntegration" name="test_playlist_songs_simulation" time="0.001" /><testcase classname="test.integration.test_entity_integration.TestEntityIntegration" name="test_artist_albums_relationship" time="0.001" /><testcase classname="test.integration.test_entity_integration.TestEntityIntegration" name="test_complete_music_catalog_simulation" time="0.001" /><testcase classname="test.integration.test_entity_integration.TestEntityIntegration" name="test_multi_genre_artist" time="0.001" /><testcase classname="test.integration.test_entity_integration.TestEntityIntegration" name="test_playlist_mixed_genres" time="0.001" /><testcase classname="test.integration.test_entity_integration.TestEntityIntegration" name="test_featured_artist_collaboration" time="0.001" /><testcase classname="test.integration.test_entity_integration.TestEntityIntegration" name="test_user_playlist_management" time="0.001" /><testcase classname="test.payments.domain.test_payment_entities.TestPaymentEntity" name="test_payment_entity_creation_minimal" time="0.001" /><testcase classname="test.payments.domain.test_payment_entities.TestPaymentEntity" name="test_payment_entity_creation_complete" time="0.001" /><testcase classname="test.payments.domain.test_payment_entities.TestPaymentEntity" name="test_payment_entity_amount_validation" time="0.001" /><testcase classname="test.payments.domain.test_payment_entities.TestPaymentEntity" name="test_payment_entity_different_currencies" time="0.001" /><testcase classname="test.payments.domain.test_payment_entities.TestPaymentEntity" name="test_payment_entity_status_transitions" time="0.001" /><testcase classname="test.payments.domain.test_payment_entities.TestSubscriptionEntity" name="test_subscription_entity_creation_minimal" time="0.001" /><testcase classname="test.payments.domain.test_payment_entities.TestSubscriptionEntity" name="test_subscription_entity_with_trial" time="0.001" /><testcase classname="test.payments.domain.test_payment_entities.TestSubscriptionEntity" name="test_subscription_entity_is_active_property" time="0.001" /><testcase classname="test.payments.domain.test_payment_entities.TestSubscriptionEntity" name="test_subscription_entity_is_on_trial_property" time="0.001" /><testcase classname="test.payments.domain.test_payment_entities.TestSubscriptionEntity" name="test_subscription_entity_cancellation" time="0.001" /><testcase classname="test.payments.domain.test_payment_entities.TestSubscriptionEntity" name="test_subscription_entity_different_statuses" time="0.001" /><testcase classname="test.payments.domain.test_payment_exceptions.TestPaymentExceptions" name="test_payment_error_base" time="0.001" /><testcase classname="test.payments.domain.test_payment_exceptions.TestPaymentExceptions" name="test_stripe_service_error" time="0.001" /><testcase classname="test.payments.domain.test_payment_exceptions.TestPaymentExceptions" name="test_customer_creation_error" time="0.001" /><testcase classname="test.payments.domain.test_payment_exceptions.TestPaymentExceptions" name="test_checkout_session_error" time="0.001" /><testcase classname="test.payments.domain.test_payment_exceptions.TestPaymentExceptions" name="test_billing_portal_error" time="0.001" /><testcase classname="test.payments.domain.test_payment_exceptions.TestPaymentExceptions" name="test_subscription_error" time="0.001" /><testcase classname="test.payments.domain.test_payment_exceptions.TestPaymentExceptions" name="test_payment_method_error" time="0.001" /><testcase classname="test.payments.domain.test_payment_exceptions.TestPaymentExceptions" name="test_webhook_error" time="0.001" /><testcase classname="test.payments.domain.test_payment_exceptions.TestPaymentExceptions" name="test_invoice_error" time="0.001" /><testcase classname="test.payments.domain.test_payment_exceptions.TestPaymentExceptions" name="test_plan_not_found_error" time="0.001" /><testcase classname="test.payments.domain.test_payment_exceptions.TestPaymentExceptions" name="test_subscription_not_found_error" time="0.001" /><testcase classname="test.payments.domain.test_payment_exceptions.TestPaymentExceptions" name="test_exception_hierarchy" time="0.001" /><testcase classname="test.payments.domain.test_payment_exceptions.TestPaymentExceptions" name="test_all_exceptions_with_different_messages" time="0.002" /><testcase classname="test.payments.domain.test_payment_exceptions.TestPaymentExceptions" name="test_exceptions_can_be_raised_and_caught" time="0.001" /><testcase classname="test.payments.domain.test_payment_exceptions.TestPaymentExceptions" name="test_exceptions_with_empty_messages" time="0.001" /><testcase classname="test.payments.domain.test_payment_exceptions.TestPaymentExceptions" name="test_exceptions_with_special_characters" time="0.001" /><testcase classname="test.playlists.domain.test_playlist_entities.TestPlaylistEntity" name="test_playlist_entity_creation_minimal" time="0.001" /><testcase classname="test.playlists.domain.test_playlist_entities.TestPlaylistEntity" name="test_playlist_entity_creation_complete" time="0.001" /><testcase classname="test.playlists.domain.test_playlist_entities.TestPlaylistEntity" name="test_playlist_entity_song_count_property" time="0.001" /><testcase classname="test.playlists.domain.test_playlist_entities.TestPlaylistEntity" name="test_playlist_entity_name_validation_empty" time="0.001" /><testcase classname="test.playlists.domain.test_playlist_entities.TestPlaylistEntity" name="test_playlist_entity_name_validation_whitespace" time="0.001" /><testcase classname="test.playlists.domain.test_playlist_entities.TestPlaylistEntity" name="test_playlist_entity_name_validation_too_long" time="0.001" /><testcase classname="test.playlists.domain.test_playlist_entities.TestPlaylistEntity" name="test_playlist_entity_name_validation_max_length" time="0.001" /><testcase classname="test.playlists.domain.test_playlist_entities.TestPlaylistEntity" name="test_playlist_entity_default_playlist_behavior" time="0.001" /><testcase classname="test.playlists.domain.test_playlist_entities.TestPlaylistEntity" name="test_playlist_entity_public_private_playlists" time="0.001" /><testcase classname="test.playlists.domain.test_playlist_entities.TestPlaylistSongEntity" name="test_playlist_song_entity_creation" time="0.002" /><testcase classname="test.playlists.domain.test_playlist_entities.TestPlaylistSongEntity" name="test_playlist_song_entity_position_validation_negative" time="0.001" /><testcase classname="test.playlists.domain.test_playlist_entities.TestPlaylistSongEntity" name="test_playlist_song_entity_position_validation_zero" time="0.001" /><testcase classname="test.playlists.domain.test_playlist_entities.TestPlaylistSongEntity" name="test_playlist_song_entity_position_validation_positive" time="0.001" /><testcase classname="test.playlists.domain.test_playlist_entities.TestPlaylistSongEntity" name="test_playlist_song_entity_multiple_positions" time="0.001" /><testcase classname="test.playlists.domain.test_playlist_exceptions.TestPlaylistExceptions" name="test_playlist_not_found_exception" time="0.001" /><testcase classname="test.playlists.domain.test_playlist_exceptions.TestPlaylistExceptions" name="test_playlist_validation_exception" time="0.001" /><testcase classname="test.playlists.domain.test_playlist_exceptions.TestPlaylistExceptions" name="test_playlist_permission_exception" time="0.001" /><testcase classname="test.playlists.domain.test_playlist_exceptions.TestPlaylistExceptions" name="test_playlist_song_not_found_exception" time="0.001" /><testcase classname="test.playlists.domain.test_playlist_exceptions.TestPlaylistExceptions" name="test_playlist_song_already_exists_exception" time="0.001" /><testcase classname="test.playlists.domain.test_playlist_exceptions.TestPlaylistExceptions" name="test_playlist_image_upload_exception" time="0.001" /><testcase classname="test.playlists.domain.test_playlist_exceptions.TestPlaylistExceptions" name="test_exception_with_custom_code" time="0.001" /><testcase classname="test.playlists.domain.test_playlist_exceptions.TestPlaylistExceptions" name="test_exception_with_details" time="0.001" /><testcase classname="test.playlists.domain.test_playlist_exceptions.TestPlaylistExceptions" name="test_not_found_exceptions_inherit_correctly" time="0.001" /><testcase classname="test.playlists.domain.test_playlist_exceptions.TestPlaylistExceptions" name="test_domain_exceptions_inherit_correctly" time="0.001" /><testcase classname="test.playlists.domain.test_playlist_exceptions.TestPlaylistExceptions" name="test_exceptions_can_be_raised_and_caught" time="0.001" /><testcase classname="test.playlists.domain.test_playlist_exceptions.TestPlaylistExceptions" name="test_all_exceptions_with_different_messages" time="0.001" /><testcase classname="test.playlists.domain.test_playlist_exceptions.TestPlaylistExceptions" name="test_exception_serialization_format" time="0.001" /><testcase classname="test.songs.api.test_song_dtos.TestSongCreateDTO" name="test_valid_song_creation" time="0.002" /><testcase classname="test.songs.api.test_song_dtos.TestSongCreateDTO" name="test_minimal_song_creation" time="0.001" /><testcase classname="test.songs.api.test_song_dtos.TestSongCreateDTO" name="test_empty_title_validation" time="0.001" /><testcase classname="test.songs.api.test_song_dtos.TestSongCreateDTO" name="test_empty_artist_validation" time="0.001" /><testcase classname="test.songs.api.test_song_dtos.TestSongCreateDTO" name="test_long_title_validation" time="0.001" /><testcase classname="test.songs.api.test_song_dtos.TestSongCreateDTO" name="test_negative_duration_validation" time="0.001" /><testcase classname="test.songs.api.test_song_dtos.TestSongCreateDTO" name="test_too_long_duration_validation" time="0.002" /><testcase classname="test.songs.api.test_song_dtos.TestSongResponseDTO" name="test_response_dto_creation" time="0.001" /><testcase classname="test.songs.api.test_song_dtos.TestSongResponseDTO" name="test_to_dict_conversion" time="0.001" /><testcase classname="test.songs.api.test_song_dtos.TestSongResponseDTO" name="test_duration_formatting" time="0.001" /><testcase classname="test.songs.api.test_song_dtos.TestSongSearchDTO" name="test_valid_search_creation" time="0.001" /><testcase classname="test.songs.api.test_song_dtos.TestSongSearchDTO" name="test_minimal_search_creation" time="0.001" /><testcase classname="test.songs.api.test_song_dtos.TestSongSearchDTO" name="test_empty_query_validation" time="0.001" /><testcase classname="test.songs.api.test_song_dtos.TestSongSearchDTO" name="test_invalid_page_validation" time="0.001" /><testcase classname="test.songs.api.test_song_dtos.TestSongSearchDTO" name="test_invalid_page_size_validation" time="0.001" /><testcase classname="test.songs.api.test_song_dtos.TestPlaylistSongDTO" name="test_playlist_song_creation" time="0.002" /><testcase classname="test.songs.api.test_song_dtos.TestPlaylistSongDTO" name="test_playlist_song_to_dict" time="0.001" /><testcase classname="test.songs.api.test_song_dtos.TestSongMapper" name="test_create_dto_to_entity_mapping" time="0.001" /><testcase classname="test.songs.api.test_song_dtos.TestSongMapper" name="test_entity_to_response_dto_mapping" time="0.001" /><testcase classname="test.songs.api.test_song_dtos.TestSongMapper" name="test_entity_mapping_with_invalid_genre" time="0.001" /><testcase classname="test.songs.api.test_song_dtos.TestSongMapper" name="test_entity_mapping_with_defaults" time="0.001" /><testcase classname="test.songs.api.test_song_dtos.TestSongIntegration" name="test_full_song_workflow" time="0.001" /><testcase classname="test.songs.api.test_song_dtos.TestSongIntegration" name="test_search_and_results_workflow" time="0.001" /><testcase classname="test.songs.api.test_song_dtos.TestSongIntegration" name="test_playlist_integration" time="0.002" /><testcase classname="test.songs.domain.test_song_entities.TestSongEntity" name="test_song_entity_creation_minimal" time="0.001" /><testcase classname="test.songs.domain.test_song_entities.TestSongEntity" name="test_song_entity_creation_complete" time="0.001" /><testcase classname="test.songs.domain.test_song_entities.TestSongEntity" name="test_song_entity_post_init_genre_ids" time="0.001" /><testcase classname="test.songs.domain.test_song_entities.TestSongEntity" name="test_song_entity_duration_formats" time="0.001" /><testcase classname="test.songs.domain.test_song_entities.TestSongEntity" name="test_song_entity_metrics" time="0.001" /><testcase classname="test.songs.domain.test_song_entities.TestSongEntity" name="test_song_entity_source_types" time="0.001" /><testcase classname="test.songs.domain.test_song_entities.TestSongEntity" name="test_song_entity_audio_quality" time="0.001" /><testcase classname="test.songs.domain.test_song_entities.TestSongEntity" name="test_song_entity_timestamps" time="0.001" /><testcase classname="test.songs.domain.test_song_entities.TestSongEntity" name="test_song_entity_optional_fields" time="0.001" /><testcase classname="test.songs.domain.test_song_entities.TestSongEntity" name="test_song_entity_type_validation" time="0.001" /><testcase classname="test.songs.domain.test_song_entities.TestSongEntity" name="test_song_entity_edge_cases" time="0.001" /><testcase classname="test.songs.domain.test_song_entities.TestSongEntity" name="test_song_entity_empty_values" time="0.001" /><testcase classname="test.songs.domain.test_song_exceptions.TestSongNotFoundException" name="test_song_not_found_exception_creation" time="0.001" /><testcase classname="test.songs.domain.test_song_exceptions.TestSongNotFoundException" name="test_song_not_found_exception_with_different_ids" time="0.001" /><testcase classname="test.songs.domain.test_song_exceptions.TestSongNotFoundException" name="test_song_not_found_exception_inheritance" time="0.001" /><testcase classname="test.songs.domain.test_song_exceptions.TestSongCreationException" name="test_song_creation_exception_creation" time="0.001" /><testcase classname="test.songs.domain.test_song_exceptions.TestSongCreationException" name="test_song_creation_exception_with_different_messages" time="0.001" /><testcase classname="test.songs.domain.test_song_exceptions.TestSongCreationException" name="test_song_creation_exception_inheritance" time="0.001" /><testcase classname="test.songs.domain.test_song_exceptions.TestSongUpdateException" name="test_song_update_exception_creation" time="0.002" /><testcase classname="test.songs.domain.test_song_exceptions.TestSongUpdateException" name="test_song_update_exception_with_different_messages" time="0.001" /><testcase classname="test.songs.domain.test_song_exceptions.TestSongUpdateException" name="test_song_update_exception_inheritance" time="0.001" /><testcase classname="test.songs.domain.test_song_exceptions.TestSongPlayCountException" name="test_song_play_count_exception_creation" time="0.001" /><testcase classname="test.songs.domain.test_song_exceptions.TestSongPlayCountException" name="test_song_play_count_exception_with_different_messages" time="0.001" /><testcase classname="test.songs.domain.test_song_exceptions.TestSongPlayCountException" name="test_song_play_count_exception_inheritance" time="0.001" /><testcase classname="test.songs.domain.test_song_exceptions.TestSongExceptionsInteraction" name="test_exception_messages_are_preserved" time="0.001" /><testcase classname="test.songs.domain.test_song_exceptions.TestSongExceptionsInteraction" name="test_different_exception_types_have_different_identifiers" time="0.001" /><testcase classname="test.songs.domain.test_song_exceptions.TestSongExceptionsInteraction" name="test_exceptions_are_different_instances" time="0.001" /><testcase classname="test.songs.domain.test_songs_logic_comprehensive.TestSongsDomainLogic" name="test_song_entity_validation_logic" time="0.001" /><testcase classname="test.songs.domain.test_songs_logic_comprehensive.TestSongsDomainLogic" name="test_song_duration_format_logic" time="0.001" /><testcase classname="test.songs.domain.test_songs_logic_comprehensive.TestSongsDomainLogic" name="test_song_genre_processing_logic" time="0.001" /><testcase classname="test.songs.domain.test_songs_logic_comprehensive.TestSongsDomainLogic" name="test_song_metrics_logic" time="0.001" /><testcase classname="test.songs.domain.test_songs_logic_comprehensive.TestSongsDomainLogic" name="test_song_repository_search_logic" time="0.007" /><testcase classname="test.songs.domain.test_songs_logic_comprehensive.TestSongsDomainLogic" name="test_song_audio_quality_logic" time="0.001" /><testcase classname="test.songs.domain.test_songs_logic_comprehensive.TestSongsDomainLogic" name="test_song_source_types_logic" time="0.001" /><testcase classname="test.songs.domain.test_songs_logic_comprehensive.TestSongsUseCasesLogic" name="test_increment_play_count_logic" time="0.004" /><testcase classname="test.songs.domain.test_songs_logic_comprehensive.TestSongsUseCasesLogic" name="test_get_random_songs_logic" time="0.003" /><testcase classname="test.songs.domain.test_songs_logic_comprehensive.TestSongsUseCasesLogic" name="test_search_songs_logic" time="0.003" /><testcase classname="test.songs.domain.test_songs_logic_comprehensive.TestSongsUseCasesLogic" name="test_song_validation_complex" time="0.001" /><testcase classname="test.songs.domain.test_songs_logic_comprehensive.TestSongsExceptionsLogic" name="test_song_exception_creation_logic" time="0.001" /><testcase classname="test.songs.domain.test_songs_logic_comprehensive.TestSongsExceptionsLogic" name="test_exception_serialization_logic" time="0.001" /><testcase classname="test.songs.domain.test_songs_logic_comprehensive.TestSongsExceptionsLogic" name="test_exception_inheritance_simulation" time="0.001" /><testcase classname="test.songs.domain.test_songs_logic_comprehensive.TestSongsIntegrationLogic" name="test_complete_song_workflow" time="0.003" /><testcase classname="test.songs.domain.test_songs_logic_comprehensive.TestSongsIntegrationLogic" name="test_data_flow_validation" time="0.001" /><testcase classname="test.songs.use_cases.test_song_use_cases.TestSongUseCases" name="test_save_song_success" time="0.001" /><testcase classname="test.songs.use_cases.test_song_use_cases.TestSongUseCases" name="test_save_song_minimal_data" time="0.001" /><testcase classname="test.songs.use_cases.test_song_use_cases.TestSongUseCases" name="test_search_songs" time="0.001" /><testcase classname="test.songs.use_cases.test_song_use_cases.TestSongUseCases" name="test_get_random_songs" time="0.001" /><testcase classname="test.songs.use_cases.test_song_use_cases.TestSongUseCases" name="test_increment_play_count" time="0.001" /><testcase classname="test.songs.use_cases.test_song_use_cases.TestSongUseCases" name="test_get_song_by_id" time="0.001" /><testcase classname="test.songs.use_cases.test_song_use_cases.TestSongUseCases" name="test_song_validation" time="0.001" /><testcase classname="test.songs.use_cases.test_song_use_cases.TestSongUseCases" name="test_song_duration_handling" time="0.001" /><testcase classname="test.songs.use_cases.test_song_use_cases.TestSongUseCases" name="test_multiple_songs_workflow" time="0.001" /><testcase classname="test.songs.use_cases.test_song_use_cases.TestSongUseCases" name="test_song_genre_handling" time="0.001" /><testcase classname="test.songs.use_cases.test_song_use_cases.TestSongUseCases" name="test_edge_cases" time="0.292" /><testcase classname="test.songs.use_cases.test_song_use_cases.TestSongUseCases" name="test_search_case_insensitive" time="0.001" /><testcase classname="test.songs.use_cases.test_song_use_cases.TestSongUseCases" name="test_repository_interaction_patterns" time="0.001" /><testcase classname="test.user_profile.api.test_user_profile_dtos.TestUserProfileDTOs" name="test_user_profile_dto_creation" time="0.006"><skipped type="pytest.skip" message="No se pudo importar UserProfileDTO">C:\Users\Marcwos\Documents\Ing Software\5to Semestre\streamflow_music_backend\test\user_profile\api\test_user_profile_dtos.py:45: No se pudo importar UserProfileDTO</skipped></testcase><testcase classname="test.user_profile.api.test_user_profile_dtos.TestUserProfileDTOsBasic" name="test_basic_functionality" time="0.002" /><testcase classname="test.user_profile.api.test_user_profile_dtos.TestUserProfileDTOsBasic" name="test_dto_simulation" time="0.001" /><testcase classname="test.user_profile.api.test_user_profile_dtos.TestUserProfileDTOsBasic" name="test_dto_validation_simulation" time="0.001" /><testcase classname="test.user_profile.domain.test_user_profile_entities.TestUserProfileEntity" name="test_user_profile_entity_creation" time="0.001" /><testcase classname="test.user_profile.domain.test_user_profile_entities.TestUserProfileEntity" name="test_user_profile_entity_with_none_picture" time="0.001" /><testcase classname="test.user_profile.domain.test_user_profile_entities.TestUserProfileEntity" name="test_user_profile_entity_is_authenticated_property" time="0.001" /><testcase classname="test.user_profile.domain.test_user_profile_entities.TestUserProfileEntity" name="test_user_profile_entity_is_anonymous_property" time="0.001" /><testcase classname="test.user_profile.domain.test_user_profile_entities.TestUserProfileEntity" name="test_user_profile_entity_string_representation" time="0.001" /><testcase classname="test.user_profile.domain.test_user_profile_entities.TestUserProfileEntity" name="test_user_profile_entity_equality" time="0.001" /><testcase classname="test.user_profile.domain.test_user_profile_entities.TestUserProfileEntity" name="test_user_profile_entity_inequality" time="0.001" /><testcase classname="test.user_profile.domain.test_user_profile_exceptions.TestUserProfileExceptions" name="test_user_not_found_exception_creation" time="0.001" /><testcase classname="test.user_profile.domain.test_user_profile_exceptions.TestUserProfileExceptions" name="test_user_not_found_exception_message_content" time="0.001" /><testcase classname="test.user_profile.domain.test_user_profile_exceptions.TestUserProfileExceptions" name="test_user_profile_picture_upload_exception_creation" time="0.001" /><testcase classname="test.user_profile.domain.test_user_profile_exceptions.TestUserProfileExceptions" name="test_user_profile_picture_upload_exception_message_content" time="0.001" /><testcase classname="test.user_profile.domain.test_user_profile_exceptions.TestUserProfileExceptions" name="test_user_not_found_exception_different_ids" time="0.001" /><testcase classname="test.user_profile.domain.test_user_profile_exceptions.TestUserProfileExceptions" name="test_user_profile_picture_upload_exception_different_messages" time="0.001" /><testcase classname="test.user_profile.domain.test_user_profile_exceptions.TestUserProfileExceptions" name="test_user_not_found_exception_empty_id" time="0.001" /><testcase classname="test.user_profile.domain.test_user_profile_exceptions.TestUserProfileExceptions" name="test_user_profile_picture_upload_exception_empty_message" time="0.001" /><testcase classname="test.user_profile.use_cases.test_user_profile_use_cases.TestUserProfileUseCasesBasic" name="test_basic_functionality" time="0.001" /><testcase classname="test.user_profile.use_cases.test_user_profile_use_cases.TestUserProfileUseCasesBasic" name="test_can_create_mock_objects" time="0.001" /><testcase classname="test.user_profile.use_cases.test_user_profile_use_cases.TestUserProfileUseCasesBasic" name="test_exception_creation" time="0.001" /><testcase classname="test.user_profile.use_cases.test_user_profile_use_cases.TestUserProfileUseCases" name="test_get_user_profile_use_case_creation" time="0.027" /><testcase classname="test.user_profile.use_cases.test_user_profile_use_cases.TestUserProfileUseCases" name="test_use_case_inheritance" time="0.001" /><testcase classname="test.user_profile.use_cases.test_user_profile_use_cases.TestUserProfileUseCases" name="test_exception_includes_entity_id" time="0.003"><skipped type="pytest.skip" message="Error en test de entity_id: assert False&#10; +  where False = hasattr(UserNotFoundException({'not_found_error': ['User con ID user123 no encontrado.']}), 'entity_id')">C:\Users\Marcwos\Documents\Ing Software\5to Semestre\streamflow_music_backend\test\user_profile\use_cases\test_user_profile_use_cases.py:123: Error en test de entity_id: assert False
 +  where False = hasattr(UserNotFoundException({'not_found_error': ['User con ID user123 no encontrado.']}), 'entity_id')</skipped></testcase></testsuite></testsuites>