<?xml version="1.0" encoding="utf-8"?><testsuites name="pytest tests"><testsuite name="pytest" errors="0" failures="0" skipped="0" tests="104" time="0.166" timestamp="2025-08-07T15:10:12.146178-05:00" hostname="DESKTOP-B1UO3MR"><testcase classname="test.unit.test_albums.TestSimpleAlbumEntity" name="test_album_creation_complete" time="0.001" /><testcase classname="test.unit.test_albums.TestSimpleAlbumEntity" name="test_album_minimal_creation" time="0.001" /><testcase classname="test.unit.test_albums.TestSimpleAlbumEntity" name="test_album_type_by_tracks[1-Single]" time="0.001" /><testcase classname="test.unit.test_albums.TestSimpleAlbumEntity" name="test_album_type_by_tracks[3-EP]" time="0.001" /><testcase classname="test.unit.test_albums.TestSimpleAlbumEntity" name="test_album_type_by_tracks[6-EP]" time="0.001" /><testcase classname="test.unit.test_albums.TestSimpleAlbumEntity" name="test_album_type_by_tracks[8-Album]" time="0.001" /><testcase classname="test.unit.test_albums.TestSimpleAlbumEntity" name="test_album_type_by_tracks[12-Album]" time="0.001" /><testcase classname="test.unit.test_albums.TestSimpleAlbumEntity" name="test_album_type_by_tracks[20-Album]" time="0.001" /><testcase classname="test.unit.test_albums.TestSimpleAlbumEntity" name="test_album_duration_calculation" time="0.001" /><testcase classname="test.unit.test_albums.TestSimpleAlbumEntity" name="test_album_with_cover_image" time="0.001" /><testcase classname="test.unit.test_albums.TestSimpleAlbumEntity" name="test_album_inactive_state" time="0.001" /><testcase classname="test.unit.test_albums.TestSimpleAlbumEntity" name="test_album_release_year_extraction" time="0.001" /><testcase classname="test.unit.test_albums.TestSimpleAlbumEntity" name="test_album_different_genres[Rock]" time="0.001" /><testcase classname="test.unit.test_albums.TestSimpleAlbumEntity" name="test_album_different_genres[Pop]" time="0.001" /><testcase classname="test.unit.test_albums.TestSimpleAlbumEntity" name="test_album_different_genres[Electronic]" time="0.001" /><testcase classname="test.unit.test_albums.TestSimpleAlbumEntity" name="test_album_different_genres[Hip-Hop]" time="0.001" /><testcase classname="test.unit.test_albums.TestSimpleAlbumEntity" name="test_album_different_genres[Classical]" time="0.001" /><testcase classname="test.unit.test_albums.TestSimpleAlbumEntity" name="test_album_different_genres[Jazz]" time="0.001" /><testcase classname="test.unit.test_albums.TestSimpleAlbumEntity" name="test_album_string_representation" time="0.001" /><testcase classname="test.unit.test_albums.TestSimpleAlbumEntity" name="test_album_equality_by_id" time="0.001" /><testcase classname="test.unit.test_artists.TestSimpleArtistEntity" name="test_artist_creation_full_data" time="0.001" /><testcase classname="test.unit.test_artists.TestSimpleArtistEntity" name="test_artist_minimal_data" time="0.001" /><testcase classname="test.unit.test_artists.TestSimpleArtistEntity" name="test_artist_verified_status" time="0.001" /><testcase classname="test.unit.test_artists.TestSimpleArtistEntity" name="test_artist_inactive_status" time="0.001" /><testcase classname="test.unit.test_artists.TestSimpleArtistEntity" name="test_artist_popularity_by_followers[0-False]" time="0.001" /><testcase classname="test.unit.test_artists.TestSimpleArtistEntity" name="test_artist_popularity_by_followers[100-False]" time="0.001" /><testcase classname="test.unit.test_artists.TestSimpleArtistEntity" name="test_artist_popularity_by_followers[10000-False]" time="0.001" /><testcase classname="test.unit.test_artists.TestSimpleArtistEntity" name="test_artist_popularity_by_followers[100000-True]" time="0.001" /><testcase classname="test.unit.test_artists.TestSimpleArtistEntity" name="test_artist_popularity_by_followers[1000000-True]" time="0.001" /><testcase classname="test.unit.test_artists.TestSimpleArtistEntity" name="test_artist_with_image_url" time="0.001" /><testcase classname="test.unit.test_artists.TestSimpleArtistEntity" name="test_artist_from_different_countries" time="0.001" /><testcase classname="test.unit.test_artists.TestSimpleArtistEntity" name="test_artist_biography_length" time="0.000" /><testcase classname="test.unit.test_artists.TestSimpleArtistEntity" name="test_artist_followers_increment" time="0.001" /><testcase classname="test.unit.test_genres.TestSimpleGenreEntity" name="test_genre_creation_complete" time="0.001" /><testcase classname="test.unit.test_genres.TestSimpleGenreEntity" name="test_genre_minimal_creation" time="0.001" /><testcase classname="test.unit.test_genres.TestSimpleGenreEntity" name="test_genre_icons_assignment[Rock-\U0001f3b8]" time="0.001" /><testcase classname="test.unit.test_genres.TestSimpleGenreEntity" name="test_genre_icons_assignment[Pop-\U0001f3a4]" time="0.001" /><testcase classname="test.unit.test_genres.TestSimpleGenreEntity" name="test_genre_icons_assignment[Electronic-\U0001f39b\ufe0f]" time="0.001" /><testcase classname="test.unit.test_genres.TestSimpleGenreEntity" name="test_genre_icons_assignment[Classical-\U0001f3bc]" time="0.001" /><testcase classname="test.unit.test_genres.TestSimpleGenreEntity" name="test_genre_icons_assignment[Jazz-\U0001f3ba]" time="0.001" /><testcase classname="test.unit.test_genres.TestSimpleGenreEntity" name="test_genre_icons_assignment[Hip-Hop-\U0001f3a4]" time="0.001" /><testcase classname="test.unit.test_genres.TestSimpleGenreEntity" name="test_genre_with_parent_hierarchy" time="0.001" /><testcase classname="test.unit.test_genres.TestSimpleGenreEntity" name="test_genre_color_code_validation" time="0.001" /><testcase classname="test.unit.test_genres.TestSimpleGenreEntity" name="test_genre_inactive_state" time="0.001" /><testcase classname="test.unit.test_genres.TestSimpleGenreEntity" name="test_genre_description_length" time="0.000" /><testcase classname="test.unit.test_genres.TestSimpleGenreEntity" name="test_different_genre_names[Rock]" time="0.001" /><testcase classname="test.unit.test_genres.TestSimpleGenreEntity" name="test_different_genre_names[Pop]" time="0.001" /><testcase classname="test.unit.test_genres.TestSimpleGenreEntity" name="test_different_genre_names[Electronic]" time="0.001" /><testcase classname="test.unit.test_genres.TestSimpleGenreEntity" name="test_different_genre_names[Hip-Hop]" time="0.001" /><testcase classname="test.unit.test_genres.TestSimpleGenreEntity" name="test_different_genre_names[Classical]" time="0.001" /><testcase classname="test.unit.test_genres.TestSimpleGenreEntity" name="test_different_genre_names[Jazz]" time="0.001" /><testcase classname="test.unit.test_genres.TestSimpleGenreEntity" name="test_different_genre_names[Country]" time="0.001" /><testcase classname="test.unit.test_genres.TestSimpleGenreEntity" name="test_different_genre_names[Blues]" time="0.001" /><testcase classname="test.unit.test_genres.TestSimpleGenreEntity" name="test_different_genre_names[Reggae]" time="0.001" /><testcase classname="test.unit.test_genres.TestSimpleGenreEntity" name="test_different_genre_names[Folk]" time="0.001" /><testcase classname="test.unit.test_genres.TestSimpleGenreEntity" name="test_genre_string_representation" time="0.001" /><testcase classname="test.unit.test_genres.TestSimpleGenreEntity" name="test_genre_name_case_sensitivity" time="0.001" /><testcase classname="test.unit.test_genres.TestSimpleGenreEntity" name="test_genre_with_special_characters" time="0.001" /><testcase classname="test.unit.test_playlists.TestSimplePlaylistEntity" name="test_playlist_creation_complete" time="0.001" /><testcase classname="test.unit.test_playlists.TestSimplePlaylistEntity" name="test_playlist_minimal_creation" time="0.001" /><testcase classname="test.unit.test_playlists.TestSimplePlaylistEntity" name="test_playlist_private_state" time="0.001" /><testcase classname="test.unit.test_playlists.TestSimplePlaylistEntity" name="test_playlist_inactive_state" time="0.001" /><testcase classname="test.unit.test_playlists.TestSimplePlaylistEntity" name="test_playlist_with_tags" time="0.001" /><testcase classname="test.unit.test_playlists.TestSimplePlaylistEntity" name="test_playlist_song_count_management" time="0.001" /><testcase classname="test.unit.test_playlists.TestSimplePlaylistEntity" name="test_playlist_duration_calculation" time="0.001" /><testcase classname="test.unit.test_playlists.TestSimplePlaylistEntity" name="test_playlist_size_classification[0-Empty]" time="0.001" /><testcase classname="test.unit.test_playlists.TestSimplePlaylistEntity" name="test_playlist_size_classification[1-Single]" time="0.001" /><testcase classname="test.unit.test_playlists.TestSimplePlaylistEntity" name="test_playlist_size_classification[10-Small]" time="0.001" /><testcase classname="test.unit.test_playlists.TestSimplePlaylistEntity" name="test_playlist_size_classification[25-Medium]" time="0.001" /><testcase classname="test.unit.test_playlists.TestSimplePlaylistEntity" name="test_playlist_size_classification[50-Large]" time="0.001" /><testcase classname="test.unit.test_playlists.TestSimplePlaylistEntity" name="test_playlist_size_classification[100-Massive]" time="0.001" /><testcase classname="test.unit.test_playlists.TestSimplePlaylistEntity" name="test_playlist_with_cover_image" time="0.001" /><testcase classname="test.unit.test_playlists.TestSimplePlaylistEntity" name="test_playlist_user_ownership" time="0.001" /><testcase classname="test.unit.test_playlists.TestSimplePlaylistEntity" name="test_playlist_string_representation" time="0.001" /><testcase classname="test.unit.test_playlists.TestSimplePlaylistEntity" name="test_playlist_name_validation" time="0.001" /><testcase classname="test.unit.test_playlists.TestSimplePlaylistEntity" name="test_playlist_empty_tags" time="0.001" /><testcase classname="test.unit.test_playlists.TestSimplePlaylistEntity" name="test_playlist_equality_by_id" time="0.001" /><testcase classname="test.unit.test_songs.TestSimpleSongEntity" name="test_simple_song_creation" time="0.001" /><testcase classname="test.unit.test_songs.TestSimpleSongEntity" name="test_song_minimal_data" time="0.001" /><testcase classname="test.unit.test_songs.TestSimpleSongEntity" name="test_song_with_tags" time="0.001" /><testcase classname="test.unit.test_songs.TestSimpleSongEntity" name="test_song_duration_validation[0-0]" time="0.001" /><testcase classname="test.unit.test_songs.TestSimpleSongEntity" name="test_song_duration_validation[60-60]" time="0.001" /><testcase classname="test.unit.test_songs.TestSimpleSongEntity" name="test_song_duration_validation[3600-3600]" time="0.001" /><testcase classname="test.unit.test_songs.TestSimpleSongEntity" name="test_song_duration_validation[180-180]" time="0.001" /><testcase classname="test.unit.test_songs.TestSimpleSongEntity" name="test_song_play_count_increment" time="0.001" /><testcase classname="test.unit.test_songs.TestSimpleSongEntity" name="test_song_inactive_state" time="0.001" /><testcase classname="test.unit.test_songs.TestSimpleSongEntity" name="test_song_string_representation" time="0.001" /><testcase classname="test.unit.test_songs.TestSimpleSongEntity" name="test_song_equality_by_id" time="0.001" /><testcase classname="test.unit.test_songs.TestSimpleSongEntity" name="test_song_with_empty_tags" time="0.001" /><testcase classname="test.unit.test_user_profile.TestSimpleUserEntity" name="test_user_creation_complete" time="0.001" /><testcase classname="test.unit.test_user_profile.TestSimpleUserEntity" name="test_user_minimal_creation" time="0.001" /><testcase classname="test.unit.test_user_profile.TestSimpleUserEntity" name="test_user_verification_status" time="0.001" /><testcase classname="test.unit.test_user_profile.TestSimpleUserEntity" name="test_user_premium_status" time="0.001" /><testcase classname="test.unit.test_user_profile.TestSimpleUserEntity" name="test_user_inactive_state" time="0.001" /><testcase classname="test.unit.test_user_profile.TestSimpleUserEntity" name="test_user_social_metrics" time="0.001" /><testcase classname="test.unit.test_user_profile.TestSimpleUserEntity" name="test_user_string_representation" time="0.001" /><testcase classname="test.unit.test_user_profile.TestSimpleUserEntity" name="test_verification_thresholds[0-False]" time="0.001" /><testcase classname="test.unit.test_user_profile.TestSimpleUserEntity" name="test_verification_thresholds[500-False]" time="0.001" /><testcase classname="test.unit.test_user_profile.TestSimpleUserEntity" name="test_verification_thresholds[999-False]" time="0.001" /><testcase classname="test.unit.test_user_profile.TestSimpleUserEntity" name="test_verification_thresholds[1000-True]" time="0.001" /><testcase classname="test.unit.test_user_profile.TestSimpleUserEntity" name="test_verification_thresholds[5000-True]" time="0.001" /><testcase classname="test.unit.test_user_profile.TestSimpleUserEntity" name="test_verification_thresholds[100000-True]" time="0.001" /><testcase classname="test.unit.test_user_profile.TestSimpleUserEntity" name="test_user_email_validation_patterns" time="0.001" /><testcase classname="test.unit.test_user_profile.TestSimpleUserEntity" name="test_user_profile_picture_urls" time="0.001" /></testsuite></testsuites>